<?xml version="1.0" encoding="UTF-8"?>
<!-- Generated by org.testng.reporters.JUnitXMLReporter -->
<testsuite ignored="2" hostname="gauravrajpoot" failures="0" tests="1" name="Default test" time="0.039" errors="0" timestamp="2022-02-16T11:59:07 IST">
  <testcase classname="com.nagarro.com.learning.ExtentTests" name="Seleniumtest2" time="0.017"/>
  <testcase classname="com.nagarro.com.learning.ExtentTests" name="Seleniumtest1" time="0.0">
    <ignored/>
  </testcase> <!-- Seleniumtest1 -->
  <testcase classname="com.nagarro.com.learning.ExtentTests" name="Seleniumtest3" time="0.0">
    <ignored/>
  </testcase> <!-- Seleniumtest3 -->
</testsuite> <!-- Default test -->
