<?xml version="1.0" encoding="UTF-8"?>
<!-- Generated by org.testng.reporters.JUnitXMLReporter -->
<testsuite ignored="0" hostname="gauravrajpoot" failures="0" tests="3" name="Test" time="0.124" errors="0" timestamp="2022-02-16T14:54:57 IST">
  <testcase classname="com.nagarro.com.learning.ExtentTests" name="Seleniumtest1" time="0.043"/>
  <testcase classname="com.nagarro.com.learning.ExtentTests" name="Seleniumtest2" time="0.005"/>
  <testcase classname="com.nagarro.com.learning.ExtentTests" name="Seleniumtest3" time="0.003"/>
</testsuite> <!-- Test -->
