<?xml version="1.0" encoding="UTF-8"?>
<testng-results ignored="0" total="3" passed="3" failed="0" skipped="0">
  <reporter-output>
  </reporter-output>
  <suite started-at="2022-02-16T14:54:57 IST" name="Suite" finished-at="2022-02-16T14:54:57 IST" duration-ms="124">
    <groups>
    </groups>
    <test started-at="2022-02-16T14:54:57 IST" name="Test" finished-at="2022-02-16T14:54:57 IST" duration-ms="124">
      <class name="com.nagarro.com.learning.ExtentTests">
        <test-method is-config="true" signature="setUp()[pri:0, instance:com.nagarro.com.learning.ExtentTests@66ea810]" started-at="2022-02-16T14:54:57 IST" name="setUp" finished-at="2022-02-16T14:54:57 IST" duration-ms="515" status="PASS">
          <reporter-output>
          </reporter-output>
        </test-method> <!-- setUp -->
        <test-method signature="Seleniumtest1()[pri:0, instance:com.nagarro.com.learning.ExtentTests@66ea810]" started-at="2022-02-16T14:54:57 IST" name="Seleniumtest1" finished-at="2022-02-16T14:54:57 IST" duration-ms="43" status="PASS">
          <reporter-output>
          </reporter-output>
        </test-method> <!-- Seleniumtest1 -->
        <test-method signature="Seleniumtest2()[pri:0, instance:com.nagarro.com.learning.ExtentTests@66ea810]" started-at="2022-02-16T14:54:57 IST" name="Seleniumtest2" finished-at="2022-02-16T14:54:57 IST" duration-ms="5" status="PASS">
          <reporter-output>
          </reporter-output>
        </test-method> <!-- Seleniumtest2 -->
        <test-method signature="Seleniumtest3()[pri:0, instance:com.nagarro.com.learning.ExtentTests@66ea810]" started-at="2022-02-16T14:54:57 IST" name="Seleniumtest3" finished-at="2022-02-16T14:54:57 IST" duration-ms="3" status="PASS">
          <reporter-output>
          </reporter-output>
        </test-method> <!-- Seleniumtest3 -->
        <test-method is-config="true" signature="tearDown()[pri:0, instance:com.nagarro.com.learning.ExtentTests@66ea810]" started-at="2022-02-16T14:54:57 IST" name="tearDown" finished-at="2022-02-16T14:54:58 IST" duration-ms="1206" status="PASS">
          <reporter-output>
          </reporter-output>
        </test-method> <!-- tearDown -->
      </class> <!-- com.nagarro.com.learning.ExtentTests -->
    </test> <!-- Test -->
  </suite> <!-- Suite -->
</testng-results>
