<?xml version="1.0" encoding="UTF-8"?>
<testsuite xmlns:xsi="http://www.w3.org/2001/XMLSchema-instance" xsi:noNamespaceSchemaLocation="https://maven.apache.org/surefire/maven-surefire-plugin/xsd/surefire-test-report-3.0.xsd" version="3.0" name="TestSuite" time="3.925" tests="3" errors="0" skipped="0" failures="0">
  <properties>
[...]
</properties>
  <testcase name="Seleniumtest1" classname="com.nagarro.com.learning.ExtentTests" time="0.045">
    <system-out><![CDATA[null
In test 1
]]></system-out>
  </testcase>
  <testcase name="Seleniumtest2" classname="com.nagarro.com.learning.ExtentTests" time="0.005">
    <system-out><![CDATA[In test 1
]]></system-out>
  </testcase>
  <testcase name="Seleniumtest3" classname="com.nagarro.com.learning.ExtentTests" time="0.003">
    <system-out><![CDATA[In test 1
]]></system-out>
  </testcase>
</testsuite>