<?xml version="1.0" encoding="UTF-8"?>
<testng-results ignored="2" total="3" passed="1" failed="0" skipped="0">
  <reporter-output>
  </reporter-output>
  <suite started-at="2022-02-16T11:59:07 IST" name="Default suite" finished-at="2022-02-16T11:59:07 IST" duration-ms="39">
    <groups>
    </groups>
    <test started-at="2022-02-16T11:59:07 IST" name="Default test" finished-at="2022-02-16T11:59:07 IST" duration-ms="39">
      <class name="com.nagarro.com.learning.ExtentTests">
        <test-method is-config="true" signature="setUp()[pri:0, instance:com.nagarro.com.learning.ExtentTests@1cf56a1c]" started-at="2022-02-16T11:59:07 IST" name="setUp" finished-at="2022-02-16T11:59:07 IST" duration-ms="125" status="PASS">
          <reporter-output>
          </reporter-output>
        </test-method> <!-- setUp -->
        <test-method signature="Seleniumtest2()[pri:0, instance:com.nagarro.com.learning.ExtentTests@1cf56a1c]" started-at="2022-02-16T11:59:07 IST" name="Seleniumtest2" finished-at="2022-02-16T11:59:07 IST" duration-ms="17" status="PASS">
          <reporter-output>
          </reporter-output>
        </test-method> <!-- Seleniumtest2 -->
        <test-method is-config="true" signature="tearDown()[pri:0, instance:com.nagarro.com.learning.ExtentTests@1cf56a1c]" started-at="2022-02-16T11:59:07 IST" name="tearDown" finished-at="2022-02-16T11:59:07 IST" duration-ms="296" status="PASS">
          <reporter-output>
          </reporter-output>
        </test-method> <!-- tearDown -->
      </class> <!-- com.nagarro.com.learning.ExtentTests -->
    </test> <!-- Default test -->
  </suite> <!-- Default suite -->
</testng-results>
